[0.009s] Invoking command in '/home/ma/train/ros_for_ma/build/serial_example': CMAKE_PREFIX_PATH=${CMAKE_PREFIX_PATH}:/opt/ros/humble /usr/bin/cmake --build /home/ma/train/ros_for_ma/build/serial_example -- -j8 -l8
[0.026s] -- Found ament_cmake: 1.3.5 (/opt/ros/humble/share/ament_cmake/cmake)
[0.115s] -- Found rclcpp: 16.0.5 (/opt/ros/humble/share/rclcpp/cmake)
[0.133s] -- Found rosidl_generator_c: 3.1.5 (/opt/ros/humble/share/rosidl_generator_c/cmake)
[0.135s] -- Found rosidl_adapter: 3.1.5 (/opt/ros/humble/share/rosidl_adapter/cmake)
[0.138s] -- Found rosidl_generator_cpp: 3.1.5 (/opt/ros/humble/share/rosidl_generator_cpp/cmake)
[0.145s] -- Using all available rosidl_typesupport_c: rosidl_typesupport_fastrtps_c;rosidl_typesupport_introspection_c
[0.155s] -- Using all available rosidl_typesupport_cpp: rosidl_typesupport_fastrtps_cpp;rosidl_typesupport_introspection_cpp
[0.189s] -- Found rmw_implementation_cmake: 6.1.1 (/opt/ros/humble/share/rmw_implementation_cmake/cmake)
[0.190s] -- Found rmw_fastrtps_cpp: 6.2.3 (/opt/ros/humble/share/rmw_fastrtps_cpp/cmake)
[0.266s] -- Using RMW implementation 'rmw_fastrtps_cpp' as default
[0.364s] -- Found serial_driver: 1.2.0 (/opt/ros/humble/share/serial_driver/cmake)
[0.516s] -- Found ament_lint_auto: 0.12.7 (/opt/ros/humble/share/ament_lint_auto/cmake)
[0.559s] -- Configuring incomplete, errors occurred!
[0.559s] See also "/home/ma/train/ros_for_ma/build/serial_example/CMakeFiles/CMakeOutput.log".
[0.559s] [31mCMake Error at CMakeLists.txt:53 (ament_auto_package):
[0.559s]   Unknown CMake command "ament_auto_package".
[0.559s] 
[0.559s] [0m
[0.564s] gmake: *** [Makefile:267: cmake_check_build_system] Error 1
[0.566s] Invoked command in '/home/ma/train/ros_for_ma/build/serial_example' returned '2': CMAKE_PREFIX_PATH=${CMAKE_PREFIX_PATH}:/opt/ros/humble /usr/bin/cmake --build /home/ma/train/ros_for_ma/build/serial_example -- -j8 -l8
