[0.009s] Invoking command in '/home/ma/train/ros_for_ma/build/serial_example': CMAKE_PREFIX_PATH=${CMAKE_PREFIX_PATH}:/opt/ros/humble /usr/bin/cmake --build /home/ma/train/ros_for_ma/build/serial_example -- -j8 -l8
[0.049s] [35m[1mConsolidate compiler generated dependencies of target serial_node[0m
[0.067s] [ 50%] [32mBuilding CXX object CMakeFiles/serial_node.dir/src/serial_example.cpp.o[0m
[2.887s] [100%] [32m[1mLinking CXX executable serial_node[0m
[2.991s] [100%] Built target serial_node
[2.998s] Invoked command in '/home/ma/train/ros_for_ma/build/serial_example' returned '0': CMAKE_PREFIX_PATH=${CMAKE_PREFIX_PATH}:/opt/ros/humble /usr/bin/cmake --build /home/ma/train/ros_for_ma/build/serial_example -- -j8 -l8
[3.021s] Invoking command in '/home/ma/train/ros_for_ma/build/serial_example': CMAKE_PREFIX_PATH=${CMAKE_PREFIX_PATH}:/opt/ros/humble /usr/bin/cmake --install /home/ma/train/ros_for_ma/build/serial_example
[3.026s] -- Install configuration: ""
[3.026s] -- Installing: /home/ma/train/ros_for_ma/install/serial_example/lib/serial_example/serial_node
[3.026s] -- Set runtime path of "/home/ma/train/ros_for_ma/install/serial_example/lib/serial_example/serial_node" to ""
[3.026s] -- Up-to-date: /home/ma/train/ros_for_ma/install/serial_example/share/serial_example/config
[3.026s] -- Up-to-date: /home/ma/train/ros_for_ma/install/serial_example/share/serial_example/config/serial_driver.yaml
[3.027s] -- Up-to-date: /home/ma/train/ros_for_ma/install/serial_example/share/serial_example/launch
[3.027s] -- Up-to-date: /home/ma/train/ros_for_ma/install/serial_example/share/serial_example/launch/serial_demo.launch.py
[3.027s] -- Up-to-date: /home/ma/train/ros_for_ma/install/serial_example/share/ament_index/resource_index/package_run_dependencies/serial_example
[3.027s] -- Up-to-date: /home/ma/train/ros_for_ma/install/serial_example/share/ament_index/resource_index/parent_prefix_path/serial_example
[3.027s] -- Up-to-date: /home/ma/train/ros_for_ma/install/serial_example/share/serial_example/environment/ament_prefix_path.sh
[3.027s] -- Up-to-date: /home/ma/train/ros_for_ma/install/serial_example/share/serial_example/environment/ament_prefix_path.dsv
[3.027s] -- Up-to-date: /home/ma/train/ros_for_ma/install/serial_example/share/serial_example/environment/path.sh
[3.027s] -- Up-to-date: /home/ma/train/ros_for_ma/install/serial_example/share/serial_example/environment/path.dsv
[3.027s] -- Up-to-date: /home/ma/train/ros_for_ma/install/serial_example/share/serial_example/local_setup.bash
[3.027s] -- Up-to-date: /home/ma/train/ros_for_ma/install/serial_example/share/serial_example/local_setup.sh
[3.027s] -- Up-to-date: /home/ma/train/ros_for_ma/install/serial_example/share/serial_example/local_setup.zsh
[3.027s] -- Up-to-date: /home/ma/train/ros_for_ma/install/serial_example/share/serial_example/local_setup.dsv
[3.027s] -- Installing: /home/ma/train/ros_for_ma/install/serial_example/share/serial_example/package.dsv
[3.027s] -- Up-to-date: /home/ma/train/ros_for_ma/install/serial_example/share/ament_index/resource_index/packages/serial_example
[3.027s] -- Up-to-date: /home/ma/train/ros_for_ma/install/serial_example/share/serial_example/cmake/ament_cmake_export_dependencies-extras.cmake
[3.027s] -- Up-to-date: /home/ma/train/ros_for_ma/install/serial_example/share/serial_example/cmake/serial_exampleConfig.cmake
[3.027s] -- Up-to-date: /home/ma/train/ros_for_ma/install/serial_example/share/serial_example/cmake/serial_exampleConfig-version.cmake
[3.027s] -- Up-to-date: /home/ma/train/ros_for_ma/install/serial_example/share/serial_example/package.xml
[3.029s] Invoked command in '/home/ma/train/ros_for_ma/build/serial_example' returned '0': CMAKE_PREFIX_PATH=${CMAKE_PREFIX_PATH}:/opt/ros/humble /usr/bin/cmake --install /home/ma/train/ros_for_ma/build/serial_example
