[0.187s] DEBUG:colcon:Command line arguments: ['/usr/bin/colcon', 'build']
[0.187s] DEBUG:colcon:Parsed command line arguments: Namespace(log_base=None, log_level=None, verb_name='build', build_base='build', install_base='install', merge_install=False, symlink_install=False, test_result_base=None, continue_on_error=False, executor='parallel', parallel_workers=8, event_handlers=None, ignore_user_meta=False, metas=['./colcon.meta'], base_paths=['.'], packages_ignore=None, packages_ignore_regex=None, paths=None, packages_up_to=None, packages_up_to_regex=None, packages_above=None, packages_above_and_dependencies=None, packages_above_depth=None, packages_select_by_dep=None, packages_skip_by_dep=None, packages_skip_up_to=None, packages_select_build_failed=False, packages_skip_build_finished=False, packages_select_test_failures=False, packages_skip_test_passed=False, packages_select=None, packages_skip=None, packages_select_regex=None, packages_skip_regex=None, packages_start=None, packages_end=None, allow_overriding=[], cmake_args=None, cmake_target=None, cmake_target_skip_unavailable=False, cmake_clean_cache=False, cmake_clean_first=False, cmake_force_configure=False, ament_cmake_args=None, catkin_cmake_args=None, catkin_skip_building_tests=False, verb_parser=<colcon_defaults.argument_parser.defaults.DefaultArgumentsDecorator object at 0x7f47d87d4d90>, verb_extension=<colcon_core.verb.build.BuildVerb object at 0x7f47d88f1c90>, main=<bound method BuildVerb.main of <colcon_core.verb.build.BuildVerb object at 0x7f47d88f1c90>>)
[0.205s] Level 1:colcon.colcon_core.package_discovery:discover_packages(colcon_meta) check parameters
[0.206s] Level 1:colcon.colcon_core.package_discovery:discover_packages(recursive) check parameters
[0.206s] Level 1:colcon.colcon_core.package_discovery:discover_packages(ignore) check parameters
[0.206s] Level 1:colcon.colcon_core.package_discovery:discover_packages(path) check parameters
[0.206s] Level 1:colcon.colcon_core.package_discovery:discover_packages(colcon_meta) discover
[0.206s] Level 1:colcon.colcon_core.package_discovery:discover_packages(recursive) discover
[0.206s] INFO:colcon.colcon_core.package_discovery:Crawling recursively for packages in '/home/ma/train/ros_for_ma'
[0.206s] Level 1:colcon.colcon_core.package_identification:_identify(.) by extensions ['ignore', 'ignore_ament_install']
[0.206s] Level 1:colcon.colcon_core.package_identification:_identify(.) by extension 'ignore'
[0.206s] Level 1:colcon.colcon_core.package_identification:_identify(.) by extension 'ignore_ament_install'
[0.206s] Level 1:colcon.colcon_core.package_identification:_identify(.) by extensions ['colcon_pkg']
[0.206s] Level 1:colcon.colcon_core.package_identification:_identify(.) by extension 'colcon_pkg'
[0.206s] Level 1:colcon.colcon_core.package_identification:_identify(.) by extensions ['colcon_meta']
[0.206s] Level 1:colcon.colcon_core.package_identification:_identify(.) by extension 'colcon_meta'
[0.206s] Level 1:colcon.colcon_core.package_identification:_identify(.) by extensions ['ros']
[0.206s] Level 1:colcon.colcon_core.package_identification:_identify(.) by extension 'ros'
[0.213s] Level 1:colcon.colcon_core.package_identification:_identify(.) by extensions ['cmake', 'python']
[0.213s] Level 1:colcon.colcon_core.package_identification:_identify(.) by extension 'cmake'
[0.213s] Level 1:colcon.colcon_core.package_identification:_identify(.) by extension 'python'
[0.213s] Level 1:colcon.colcon_core.package_identification:_identify(.) by extensions ['python_setup_py']
[0.213s] Level 1:colcon.colcon_core.package_identification:_identify(.) by extension 'python_setup_py'
[0.214s] Level 1:colcon.colcon_core.package_identification:_identify(build) by extensions ['ignore', 'ignore_ament_install']
[0.214s] Level 1:colcon.colcon_core.package_identification:_identify(build) by extension 'ignore'
[0.214s] Level 1:colcon.colcon_core.package_identification:_identify(build) ignored
[0.214s] Level 1:colcon.colcon_core.package_identification:_identify(install) by extensions ['ignore', 'ignore_ament_install']
[0.214s] Level 1:colcon.colcon_core.package_identification:_identify(install) by extension 'ignore'
[0.214s] Level 1:colcon.colcon_core.package_identification:_identify(install) ignored
[0.214s] Level 1:colcon.colcon_core.package_identification:_identify(log) by extensions ['ignore', 'ignore_ament_install']
[0.214s] Level 1:colcon.colcon_core.package_identification:_identify(log) by extension 'ignore'
[0.214s] Level 1:colcon.colcon_core.package_identification:_identify(log) ignored
[0.214s] Level 1:colcon.colcon_core.package_identification:_identify(src) by extensions ['ignore', 'ignore_ament_install']
[0.214s] Level 1:colcon.colcon_core.package_identification:_identify(src) by extension 'ignore'
[0.214s] Level 1:colcon.colcon_core.package_identification:_identify(src) by extension 'ignore_ament_install'
[0.214s] Level 1:colcon.colcon_core.package_identification:_identify(src) by extensions ['colcon_pkg']
[0.214s] Level 1:colcon.colcon_core.package_identification:_identify(src) by extension 'colcon_pkg'
[0.214s] Level 1:colcon.colcon_core.package_identification:_identify(src) by extensions ['colcon_meta']
[0.214s] Level 1:colcon.colcon_core.package_identification:_identify(src) by extension 'colcon_meta'
[0.214s] Level 1:colcon.colcon_core.package_identification:_identify(src) by extensions ['ros']
[0.214s] Level 1:colcon.colcon_core.package_identification:_identify(src) by extension 'ros'
[0.214s] Level 1:colcon.colcon_core.package_identification:_identify(src) by extensions ['cmake', 'python']
[0.214s] Level 1:colcon.colcon_core.package_identification:_identify(src) by extension 'cmake'
[0.214s] Level 1:colcon.colcon_core.package_identification:_identify(src) by extension 'python'
[0.214s] Level 1:colcon.colcon_core.package_identification:_identify(src) by extensions ['python_setup_py']
[0.214s] Level 1:colcon.colcon_core.package_identification:_identify(src) by extension 'python_setup_py'
[0.214s] Level 1:colcon.colcon_core.package_identification:_identify(src/serial_example) by extensions ['ignore', 'ignore_ament_install']
[0.214s] Level 1:colcon.colcon_core.package_identification:_identify(src/serial_example) by extension 'ignore'
[0.214s] Level 1:colcon.colcon_core.package_identification:_identify(src/serial_example) by extension 'ignore_ament_install'
[0.215s] Level 1:colcon.colcon_core.package_identification:_identify(src/serial_example) by extensions ['colcon_pkg']
[0.215s] Level 1:colcon.colcon_core.package_identification:_identify(src/serial_example) by extension 'colcon_pkg'
[0.215s] Level 1:colcon.colcon_core.package_identification:_identify(src/serial_example) by extensions ['colcon_meta']
[0.215s] Level 1:colcon.colcon_core.package_identification:_identify(src/serial_example) by extension 'colcon_meta'
[0.215s] Level 1:colcon.colcon_core.package_identification:_identify(src/serial_example) by extensions ['ros']
[0.215s] Level 1:colcon.colcon_core.package_identification:_identify(src/serial_example) by extension 'ros'
[0.216s] DEBUG:colcon.colcon_core.package_identification:Package 'src/serial_example' with type 'ros.ament_cmake' and name 'serial_example'
[0.216s] Level 1:colcon.colcon_core.package_discovery:discover_packages(recursive) using defaults
[0.216s] Level 1:colcon.colcon_core.package_discovery:discover_packages(ignore) discover
[0.216s] Level 1:colcon.colcon_core.package_discovery:discover_packages(ignore) using defaults
[0.216s] Level 1:colcon.colcon_core.package_discovery:discover_packages(path) discover
[0.216s] Level 1:colcon.colcon_core.package_discovery:discover_packages(path) using defaults
[0.230s] Level 1:colcon.colcon_core.package_discovery:discover_packages(prefix_path) check parameters
[0.230s] Level 1:colcon.colcon_core.package_discovery:discover_packages(prefix_path) discover
[0.231s] DEBUG:colcon.colcon_installed_package_information.package_discovery:Found 1 installed packages in /home/ma/train/ros_for_ma/install
[0.232s] DEBUG:colcon.colcon_installed_package_information.package_discovery:Found 368 installed packages in /opt/ros/humble
[0.233s] Level 1:colcon.colcon_core.package_discovery:discover_packages(prefix_path) using defaults
[0.272s] Level 5:colcon.colcon_core.verb:set package 'serial_example' build argument 'cmake_args' from command line to 'None'
[0.272s] Level 5:colcon.colcon_core.verb:set package 'serial_example' build argument 'cmake_target' from command line to 'None'
[0.272s] Level 5:colcon.colcon_core.verb:set package 'serial_example' build argument 'cmake_target_skip_unavailable' from command line to 'False'
[0.272s] Level 5:colcon.colcon_core.verb:set package 'serial_example' build argument 'cmake_clean_cache' from command line to 'False'
[0.272s] Level 5:colcon.colcon_core.verb:set package 'serial_example' build argument 'cmake_clean_first' from command line to 'False'
[0.272s] Level 5:colcon.colcon_core.verb:set package 'serial_example' build argument 'cmake_force_configure' from command line to 'False'
[0.272s] Level 5:colcon.colcon_core.verb:set package 'serial_example' build argument 'ament_cmake_args' from command line to 'None'
[0.272s] Level 5:colcon.colcon_core.verb:set package 'serial_example' build argument 'catkin_cmake_args' from command line to 'None'
[0.272s] Level 5:colcon.colcon_core.verb:set package 'serial_example' build argument 'catkin_skip_building_tests' from command line to 'False'
[0.272s] DEBUG:colcon.colcon_core.verb:Building package 'serial_example' with the following arguments: {'ament_cmake_args': None, 'build_base': '/home/ma/train/ros_for_ma/build/serial_example', 'catkin_cmake_args': None, 'catkin_skip_building_tests': False, 'cmake_args': None, 'cmake_clean_cache': False, 'cmake_clean_first': False, 'cmake_force_configure': False, 'cmake_target': None, 'cmake_target_skip_unavailable': False, 'install_base': '/home/ma/train/ros_for_ma/install/serial_example', 'merge_install': False, 'path': '/home/ma/train/ros_for_ma/src/serial_example', 'symlink_install': False, 'test_result_base': None}
[0.273s] INFO:colcon.colcon_core.executor:Executing jobs using 'parallel' executor
[0.275s] DEBUG:colcon.colcon_parallel_executor.executor.parallel:run_until_complete
[0.275s] INFO:colcon.colcon_ros.task.ament_cmake.build:Building ROS package in '/home/ma/train/ros_for_ma/src/serial_example' with build type 'ament_cmake'
[0.275s] INFO:colcon.colcon_cmake.task.cmake.build:Building CMake package in '/home/ma/train/ros_for_ma/src/serial_example'
[0.278s] INFO:colcon.colcon_core.plugin_system:Skipping extension 'colcon_core.shell.bat': Not used on non-Windows systems
[0.278s] INFO:colcon.colcon_core.shell:Skip shell extension 'powershell' for command environment: Not usable outside of PowerShell
[0.278s] DEBUG:colcon.colcon_core.shell:Skip shell extension 'dsv' for command environment
[0.286s] DEBUG:colcon.colcon_core.event_handler.log_command:Invoking command in '/home/ma/train/ros_for_ma/build/serial_example': CMAKE_PREFIX_PATH=${CMAKE_PREFIX_PATH}:/opt/ros/humble /usr/bin/cmake --build /home/ma/train/ros_for_ma/build/serial_example -- -j8 -l8
[2.912s] DEBUG:colcon.colcon_core.event_handler.log_command:Invoked command in '/home/ma/train/ros_for_ma/build/serial_example' returned '0': CMAKE_PREFIX_PATH=${CMAKE_PREFIX_PATH}:/opt/ros/humble /usr/bin/cmake --build /home/ma/train/ros_for_ma/build/serial_example -- -j8 -l8
[2.931s] DEBUG:colcon.colcon_core.event_handler.log_command:Invoking command in '/home/ma/train/ros_for_ma/build/serial_example': CMAKE_PREFIX_PATH=${CMAKE_PREFIX_PATH}:/opt/ros/humble /usr/bin/cmake --install /home/ma/train/ros_for_ma/build/serial_example
[2.937s] Level 1:colcon.colcon_core.environment:create_environment_scripts_only(serial_example)
[2.938s] DEBUG:colcon.colcon_core.event_handler.log_command:Invoked command in '/home/ma/train/ros_for_ma/build/serial_example' returned '0': CMAKE_PREFIX_PATH=${CMAKE_PREFIX_PATH}:/opt/ros/humble /usr/bin/cmake --install /home/ma/train/ros_for_ma/build/serial_example
[2.940s] Level 1:colcon.colcon_core.environment:checking '/home/ma/train/ros_for_ma/install/serial_example' for CMake module files
[2.941s] Level 1:colcon.colcon_core.environment:checking '/home/ma/train/ros_for_ma/install/serial_example' for CMake config files
[2.941s] Level 1:colcon.colcon_core.shell:create_environment_hook('serial_example', 'cmake_prefix_path')
[2.942s] INFO:colcon.colcon_core.shell:Creating environment hook '/home/ma/train/ros_for_ma/install/serial_example/share/serial_example/hook/cmake_prefix_path.ps1'
[2.942s] INFO:colcon.colcon_core.shell:Creating environment descriptor '/home/ma/train/ros_for_ma/install/serial_example/share/serial_example/hook/cmake_prefix_path.dsv'
[2.942s] INFO:colcon.colcon_core.shell:Creating environment hook '/home/ma/train/ros_for_ma/install/serial_example/share/serial_example/hook/cmake_prefix_path.sh'
[2.943s] Level 1:colcon.colcon_core.environment:checking '/home/ma/train/ros_for_ma/install/serial_example/lib'
[2.943s] Level 1:colcon.colcon_core.environment:checking '/home/ma/train/ros_for_ma/install/serial_example/bin'
[2.943s] Level 1:colcon.colcon_core.environment:checking '/home/ma/train/ros_for_ma/install/serial_example/lib/pkgconfig/serial_example.pc'
[2.943s] Level 1:colcon.colcon_core.environment:checking '/home/ma/train/ros_for_ma/install/serial_example/lib/python3.10/site-packages'
[2.943s] Level 1:colcon.colcon_core.environment:checking '/home/ma/train/ros_for_ma/install/serial_example/bin'
[2.944s] INFO:colcon.colcon_core.shell:Creating package script '/home/ma/train/ros_for_ma/install/serial_example/share/serial_example/package.ps1'
[2.945s] INFO:colcon.colcon_core.shell:Creating package descriptor '/home/ma/train/ros_for_ma/install/serial_example/share/serial_example/package.dsv'
[2.945s] INFO:colcon.colcon_core.shell:Creating package script '/home/ma/train/ros_for_ma/install/serial_example/share/serial_example/package.sh'
[2.945s] INFO:colcon.colcon_core.shell:Creating package script '/home/ma/train/ros_for_ma/install/serial_example/share/serial_example/package.bash'
[2.946s] INFO:colcon.colcon_core.shell:Creating package script '/home/ma/train/ros_for_ma/install/serial_example/share/serial_example/package.zsh'
[2.946s] Level 1:colcon.colcon_core.environment:create_file_with_runtime_dependencies(/home/ma/train/ros_for_ma/install/serial_example/share/colcon-core/packages/serial_example)
[2.962s] Level 1:colcon.colcon_core.environment:create_environment_scripts_only(serial_example)
[2.963s] Level 1:colcon.colcon_core.environment:checking '/home/ma/train/ros_for_ma/install/serial_example' for CMake module files
[2.963s] Level 1:colcon.colcon_core.environment:checking '/home/ma/train/ros_for_ma/install/serial_example' for CMake config files
[2.963s] Level 1:colcon.colcon_core.shell:create_environment_hook('serial_example', 'cmake_prefix_path')
[2.964s] INFO:colcon.colcon_core.shell:Creating environment hook '/home/ma/train/ros_for_ma/install/serial_example/share/serial_example/hook/cmake_prefix_path.ps1'
[2.965s] INFO:colcon.colcon_core.shell:Creating environment descriptor '/home/ma/train/ros_for_ma/install/serial_example/share/serial_example/hook/cmake_prefix_path.dsv'
[2.965s] INFO:colcon.colcon_core.shell:Creating environment hook '/home/ma/train/ros_for_ma/install/serial_example/share/serial_example/hook/cmake_prefix_path.sh'
[2.965s] Level 1:colcon.colcon_core.environment:checking '/home/ma/train/ros_for_ma/install/serial_example/lib'
[2.965s] Level 1:colcon.colcon_core.environment:checking '/home/ma/train/ros_for_ma/install/serial_example/bin'
[2.965s] Level 1:colcon.colcon_core.environment:checking '/home/ma/train/ros_for_ma/install/serial_example/lib/pkgconfig/serial_example.pc'
[2.965s] Level 1:colcon.colcon_core.environment:checking '/home/ma/train/ros_for_ma/install/serial_example/lib/python3.10/site-packages'
[2.965s] Level 1:colcon.colcon_core.environment:checking '/home/ma/train/ros_for_ma/install/serial_example/bin'
[2.966s] INFO:colcon.colcon_core.shell:Creating package script '/home/ma/train/ros_for_ma/install/serial_example/share/serial_example/package.ps1'
[2.967s] INFO:colcon.colcon_core.shell:Creating package descriptor '/home/ma/train/ros_for_ma/install/serial_example/share/serial_example/package.dsv'
[2.967s] INFO:colcon.colcon_core.shell:Creating package script '/home/ma/train/ros_for_ma/install/serial_example/share/serial_example/package.sh'
[2.967s] INFO:colcon.colcon_core.shell:Creating package script '/home/ma/train/ros_for_ma/install/serial_example/share/serial_example/package.bash'
[2.967s] INFO:colcon.colcon_core.shell:Creating package script '/home/ma/train/ros_for_ma/install/serial_example/share/serial_example/package.zsh'
[2.967s] Level 1:colcon.colcon_core.environment:create_file_with_runtime_dependencies(/home/ma/train/ros_for_ma/install/serial_example/share/colcon-core/packages/serial_example)
[2.967s] DEBUG:colcon.colcon_parallel_executor.executor.parallel:closing loop
[2.968s] DEBUG:colcon.colcon_parallel_executor.executor.parallel:loop closed
[2.968s] DEBUG:colcon.colcon_parallel_executor.executor.parallel:run_until_complete finished with '0'
[2.968s] DEBUG:colcon.colcon_core.event_reactor:joining thread
[2.971s] INFO:colcon.colcon_core.plugin_system:Skipping extension 'colcon_notification.desktop_notification.terminal_notifier': Not used on non-Darwin systems
[2.971s] INFO:colcon.colcon_core.plugin_system:Skipping extension 'colcon_notification.desktop_notification.win32': Not used on non-Windows systems
[2.971s] INFO:colcon.colcon_notification.desktop_notification:Sending desktop notification using 'notify2'
[2.980s] DEBUG:colcon.colcon_core.event_reactor:joined thread
[2.981s] INFO:colcon.colcon_core.shell:Creating prefix script '/home/ma/train/ros_for_ma/install/local_setup.ps1'
[2.982s] INFO:colcon.colcon_core.shell:Creating prefix util module '/home/ma/train/ros_for_ma/install/_local_setup_util_ps1.py'
[2.983s] INFO:colcon.colcon_core.shell:Creating prefix chain script '/home/ma/train/ros_for_ma/install/setup.ps1'
[2.985s] INFO:colcon.colcon_core.shell:Creating prefix script '/home/ma/train/ros_for_ma/install/local_setup.sh'
[2.985s] INFO:colcon.colcon_core.shell:Creating prefix util module '/home/ma/train/ros_for_ma/install/_local_setup_util_sh.py'
[2.985s] INFO:colcon.colcon_core.shell:Creating prefix chain script '/home/ma/train/ros_for_ma/install/setup.sh'
[2.986s] INFO:colcon.colcon_core.shell:Creating prefix script '/home/ma/train/ros_for_ma/install/local_setup.bash'
[2.987s] INFO:colcon.colcon_core.shell:Creating prefix chain script '/home/ma/train/ros_for_ma/install/setup.bash'
[2.988s] INFO:colcon.colcon_core.shell:Creating prefix script '/home/ma/train/ros_for_ma/install/local_setup.zsh'
[2.988s] INFO:colcon.colcon_core.shell:Creating prefix chain script '/home/ma/train/ros_for_ma/install/setup.zsh'
