[0.010s] Invoking command in '/home/ma/train/ros_for_ma/build/serial_example': CMAKE_PREFIX_PATH=${CMAKE_PREFIX_PATH}:/opt/ros/humble /usr/bin/cmake --build /home/ma/train/ros_for_ma/build/serial_example -- -j8 -l8
[0.026s] -- Found ament_cmake_auto: 1.3.5 (/opt/ros/humble/share/ament_cmake_auto/cmake)
[0.165s] -- Found rosidl_generator_c: 3.1.5 (/opt/ros/humble/share/rosidl_generator_c/cmake)
[0.166s] -- Found rosidl_adapter: 3.1.5 (/opt/ros/humble/share/rosidl_adapter/cmake)
[0.170s] -- Found rosidl_generator_cpp: 3.1.5 (/opt/ros/humble/share/rosidl_generator_cpp/cmake)
[0.176s] -- Using all available rosidl_typesupport_c: rosidl_typesupport_fastrtps_c;rosidl_typesupport_introspection_c
[0.186s] -- Using all available rosidl_typesupport_cpp: rosidl_typesupport_fastrtps_cpp;rosidl_typesupport_introspection_cpp
[0.222s] -- Found rmw_implementation_cmake: 6.1.1 (/opt/ros/humble/share/rmw_implementation_cmake/cmake)
[0.223s] -- Found rmw_fastrtps_cpp: 6.2.3 (/opt/ros/humble/share/rmw_fastrtps_cpp/cmake)
[0.294s] -- Using RMW implementation 'rmw_fastrtps_cpp' as default
[0.540s] -- Found ament_lint_auto: 0.12.7 (/opt/ros/humble/share/ament_lint_auto/cmake)
[0.545s] -- Added test 'cppcheck' to perform static code analysis on C / C++ code
[0.545s] -- Configured cppcheck include dirs: 
[0.545s] -- Configured cppcheck exclude dirs and/or files: 
[0.545s] -- Added test 'flake8' to check Python code syntax and style conventions
[0.545s] -- Added test 'lint_cmake' to check CMake code style
[0.546s] -- Added test 'pep257' to check Python code against some of the docstring style conventions in PEP 257
[0.546s] -- Added test 'uncrustify' to check C / C++ code style
[0.546s] -- Configured uncrustify additional arguments: 
[0.546s] -- Added test 'xmllint' to check XML markup files
[0.547s] -- Configuring done
[0.559s] -- Generating done
[0.560s] -- Build files have been written to: /home/ma/train/ros_for_ma/build/serial_example
[0.582s] [ 50%] [32mBuilding CXX object CMakeFiles/serial_example.dir/src/serial_example.cpp.o[0m
[0.582s] [ 50%] [32mBuilding CXX object CMakeFiles/serial_example_node.dir/rclcpp_components/node_main_serial_example_node.cpp.o[0m
[2.651s] [ 75%] [32m[1mLinking CXX executable serial_example_node[0m
[2.730s] [ 75%] Built target serial_example_node
[3.378s] [100%] [32m[1mLinking CXX shared library libserial_example.so[0m
[3.475s] [100%] Built target serial_example
[3.482s] Invoked command in '/home/ma/train/ros_for_ma/build/serial_example' returned '0': CMAKE_PREFIX_PATH=${CMAKE_PREFIX_PATH}:/opt/ros/humble /usr/bin/cmake --build /home/ma/train/ros_for_ma/build/serial_example -- -j8 -l8
[3.504s] Invoking command in '/home/ma/train/ros_for_ma/build/serial_example': CMAKE_PREFIX_PATH=${CMAKE_PREFIX_PATH}:/opt/ros/humble /usr/bin/cmake --install /home/ma/train/ros_for_ma/build/serial_example
[3.508s] -- Install configuration: ""
[3.508s] -- Installing: /home/ma/train/ros_for_ma/install/serial_example/lib/serial_example/serial_example_node
[3.509s] -- Set runtime path of "/home/ma/train/ros_for_ma/install/serial_example/lib/serial_example/serial_example_node" to ""
[3.509s] -- Installing: /home/ma/train/ros_for_ma/install/serial_example/share/serial_example/environment/library_path.sh
[3.509s] -- Installing: /home/ma/train/ros_for_ma/install/serial_example/share/serial_example/environment/library_path.dsv
[3.509s] -- Installing: /home/ma/train/ros_for_ma/install/serial_example/lib/libserial_example.so
[3.509s] -- Set runtime path of "/home/ma/train/ros_for_ma/install/serial_example/lib/libserial_example.so" to ""
[3.510s] -- Up-to-date: /home/ma/train/ros_for_ma/install/serial_example/share/serial_example/launch
[3.510s] -- Installing: /home/ma/train/ros_for_ma/install/serial_example/share/serial_example/launch/serial_demo.launch.py
[3.510s] -- Up-to-date: /home/ma/train/ros_for_ma/install/serial_example/share/serial_example/config
[3.510s] -- Up-to-date: /home/ma/train/ros_for_ma/install/serial_example/share/serial_example/config/serial_driver.yaml
[3.510s] -- Installing: /home/ma/train/ros_for_ma/install/serial_example/share/ament_index/resource_index/package_run_dependencies/serial_example
[3.510s] -- Installing: /home/ma/train/ros_for_ma/install/serial_example/share/ament_index/resource_index/parent_prefix_path/serial_example
[3.510s] -- Up-to-date: /home/ma/train/ros_for_ma/install/serial_example/share/serial_example/environment/ament_prefix_path.sh
[3.510s] -- Installing: /home/ma/train/ros_for_ma/install/serial_example/share/serial_example/environment/ament_prefix_path.dsv
[3.510s] -- Up-to-date: /home/ma/train/ros_for_ma/install/serial_example/share/serial_example/environment/path.sh
[3.510s] -- Installing: /home/ma/train/ros_for_ma/install/serial_example/share/serial_example/environment/path.dsv
[3.510s] -- Up-to-date: /home/ma/train/ros_for_ma/install/serial_example/share/serial_example/local_setup.bash
[3.510s] -- Installing: /home/ma/train/ros_for_ma/install/serial_example/share/serial_example/local_setup.sh
[3.510s] -- Up-to-date: /home/ma/train/ros_for_ma/install/serial_example/share/serial_example/local_setup.zsh
[3.510s] -- Installing: /home/ma/train/ros_for_ma/install/serial_example/share/serial_example/local_setup.dsv
[3.510s] -- Installing: /home/ma/train/ros_for_ma/install/serial_example/share/serial_example/package.dsv
[3.511s] -- Up-to-date: /home/ma/train/ros_for_ma/install/serial_example/share/ament_index/resource_index/packages/serial_example
[3.511s] -- Installing: /home/ma/train/ros_for_ma/install/serial_example/share/ament_index/resource_index/rclcpp_components/serial_example
[3.511s] -- Installing: /home/ma/train/ros_for_ma/install/serial_example/share/serial_example/cmake/ament_cmake_export_dependencies-extras.cmake
[3.511s] -- Installing: /home/ma/train/ros_for_ma/install/serial_example/share/serial_example/cmake/ament_cmake_export_libraries-extras.cmake
[3.511s] -- Installing: /home/ma/train/ros_for_ma/install/serial_example/share/serial_example/cmake/serial_exampleConfig.cmake
[3.511s] -- Up-to-date: /home/ma/train/ros_for_ma/install/serial_example/share/serial_example/cmake/serial_exampleConfig-version.cmake
[3.511s] -- Installing: /home/ma/train/ros_for_ma/install/serial_example/share/serial_example/package.xml
[3.512s] Invoked command in '/home/ma/train/ros_for_ma/build/serial_example' returned '0': CMAKE_PREFIX_PATH=${CMAKE_PREFIX_PATH}:/opt/ros/humble /usr/bin/cmake --install /home/ma/train/ros_for_ma/build/serial_example
