[0.011s] Invoking command in '/home/ma/train/ros_for_ma/build/serial_example': CMAKE_PREFIX_PATH=${CMAKE_PREFIX_PATH}:/opt/ros/humble /usr/bin/cmake --build /home/ma/train/ros_for_ma/build/serial_example -- -j8 -l8
[0.030s] -- Found ament_cmake: 1.3.5 (/opt/ros/humble/share/ament_cmake/cmake)
[0.129s] -- Found rclcpp: 16.0.5 (/opt/ros/humble/share/rclcpp/cmake)
[0.147s] -- Found rosidl_generator_c: 3.1.5 (/opt/ros/humble/share/rosidl_generator_c/cmake)
[0.148s] -- Found rosidl_adapter: 3.1.5 (/opt/ros/humble/share/rosidl_adapter/cmake)
[0.152s] -- Found rosidl_generator_cpp: 3.1.5 (/opt/ros/humble/share/rosidl_generator_cpp/cmake)
[0.159s] -- Using all available rosidl_typesupport_c: rosidl_typesupport_fastrtps_c;rosidl_typesupport_introspection_c
[0.168s] -- Using all available rosidl_typesupport_cpp: rosidl_typesupport_fastrtps_cpp;rosidl_typesupport_introspection_cpp
[0.203s] -- Found rmw_implementation_cmake: 6.1.1 (/opt/ros/humble/share/rmw_implementation_cmake/cmake)
[0.204s] -- Found rmw_fastrtps_cpp: 6.2.3 (/opt/ros/humble/share/rmw_fastrtps_cpp/cmake)
[0.279s] -- Using RMW implementation 'rmw_fastrtps_cpp' as default
[0.372s] -- Found serial_driver: 1.2.0 (/opt/ros/humble/share/serial_driver/cmake)
[0.520s] -- Found ament_lint_auto: 0.12.7 (/opt/ros/humble/share/ament_lint_auto/cmake)
[0.563s] -- Added test 'cppcheck' to perform static code analysis on C / C++ code
[0.563s] -- Configured cppcheck include dirs: /home/ma/train/ros_for_ma/src/serial_example/include
[0.563s] -- Configured cppcheck exclude dirs and/or files: 
[0.563s] -- Added test 'flake8' to check Python code syntax and style conventions
[0.564s] -- Added test 'lint_cmake' to check CMake code style
[0.564s] -- Added test 'pep257' to check Python code against some of the docstring style conventions in PEP 257
[0.564s] -- Added test 'uncrustify' to check C / C++ code style
[0.565s] -- Configured uncrustify additional arguments: 
[0.565s] -- Added test 'xmllint' to check XML markup files
[0.566s] -- Configuring done
[0.577s] -- Generating done
[0.579s] -- Build files have been written to: /home/ma/train/ros_for_ma/build/serial_example
[0.595s] [35m[1mConsolidate compiler generated dependencies of target serial_example[0m
[0.596s] [35m[1mConsolidate compiler generated dependencies of target serial_example_node[0m
[0.609s] [ 25%] [32mBuilding CXX object CMakeFiles/serial_example_node.dir/rclcpp_components/node_main_serial_example_node.cpp.o[0m
[0.613s] [ 50%] [32mBuilding CXX object CMakeFiles/serial_example.dir/src/serial_example.cpp.o[0m
[2.733s] [ 75%] [32m[1mLinking CXX executable serial_example_node[0m
[2.812s] [ 75%] Built target serial_example_node
[3.426s] [100%] [32m[1mLinking CXX static library libserial_example.a[0m
[3.451s] [100%] Built target serial_example
[3.459s] Invoked command in '/home/ma/train/ros_for_ma/build/serial_example' returned '0': CMAKE_PREFIX_PATH=${CMAKE_PREFIX_PATH}:/opt/ros/humble /usr/bin/cmake --build /home/ma/train/ros_for_ma/build/serial_example -- -j8 -l8
[3.490s] Invoking command in '/home/ma/train/ros_for_ma/build/serial_example': CMAKE_PREFIX_PATH=${CMAKE_PREFIX_PATH}:/opt/ros/humble /usr/bin/cmake --install /home/ma/train/ros_for_ma/build/serial_example
[3.496s] -- Install configuration: ""
[3.496s] -- Installing: /home/ma/train/ros_for_ma/install/serial_example/lib/serial_example/serial_example_node
[3.497s] -- Set runtime path of "/home/ma/train/ros_for_ma/install/serial_example/lib/serial_example/serial_example_node" to ""
[3.497s] -- Installing: /home/ma/train/ros_for_ma/install/serial_example/lib/serial_example_node/serial_example_node
[3.498s] -- Set runtime path of "/home/ma/train/ros_for_ma/install/serial_example/lib/serial_example_node/serial_example_node" to ""
[3.498s] -- Installing: /home/ma/train/ros_for_ma/install/serial_example/share/serial_example_node/config
[3.498s] -- Installing: /home/ma/train/ros_for_ma/install/serial_example/share/serial_example_node/config/serial_driver.yaml
[3.498s] -- Installing: /home/ma/train/ros_for_ma/install/serial_example/share/serial_example_node/launch
[3.498s] -- Installing: /home/ma/train/ros_for_ma/install/serial_example/share/serial_example_node/launch/serial_demo.launch.py
[3.498s] -- Up-to-date: /home/ma/train/ros_for_ma/install/serial_example/share/ament_index/resource_index/package_run_dependencies/serial_example
[3.498s] -- Up-to-date: /home/ma/train/ros_for_ma/install/serial_example/share/ament_index/resource_index/parent_prefix_path/serial_example
[3.498s] -- Up-to-date: /home/ma/train/ros_for_ma/install/serial_example/share/serial_example/environment/ament_prefix_path.sh
[3.498s] -- Installing: /home/ma/train/ros_for_ma/install/serial_example/share/serial_example/environment/ament_prefix_path.dsv
[3.498s] -- Up-to-date: /home/ma/train/ros_for_ma/install/serial_example/share/serial_example/environment/path.sh
[3.498s] -- Installing: /home/ma/train/ros_for_ma/install/serial_example/share/serial_example/environment/path.dsv
[3.499s] -- Up-to-date: /home/ma/train/ros_for_ma/install/serial_example/share/serial_example/local_setup.bash
[3.499s] -- Installing: /home/ma/train/ros_for_ma/install/serial_example/share/serial_example/local_setup.sh
[3.499s] -- Up-to-date: /home/ma/train/ros_for_ma/install/serial_example/share/serial_example/local_setup.zsh
[3.499s] -- Installing: /home/ma/train/ros_for_ma/install/serial_example/share/serial_example/local_setup.dsv
[3.499s] -- Installing: /home/ma/train/ros_for_ma/install/serial_example/share/serial_example/package.dsv
[3.499s] -- Up-to-date: /home/ma/train/ros_for_ma/install/serial_example/share/ament_index/resource_index/packages/serial_example
[3.499s] -- Installing: /home/ma/train/ros_for_ma/install/serial_example/share/ament_index/resource_index/rclcpp_components/serial_example
[3.499s] -- Installing: /home/ma/train/ros_for_ma/install/serial_example/share/serial_example/cmake/ament_cmake_export_dependencies-extras.cmake
[3.499s] -- Installing: /home/ma/train/ros_for_ma/install/serial_example/share/serial_example/cmake/serial_exampleConfig.cmake
[3.499s] -- Up-to-date: /home/ma/train/ros_for_ma/install/serial_example/share/serial_example/cmake/serial_exampleConfig-version.cmake
[3.499s] -- Up-to-date: /home/ma/train/ros_for_ma/install/serial_example/share/serial_example/package.xml
[3.501s] Invoked command in '/home/ma/train/ros_for_ma/build/serial_example' returned '0': CMAKE_PREFIX_PATH=${CMAKE_PREFIX_PATH}:/opt/ros/humble /usr/bin/cmake --install /home/ma/train/ros_for_ma/build/serial_example
