[100%] Built target serial_node
-- Install configuration: ""
-- Up-to-date: /home/ma/train/ros_for_ma/install/serial_example/lib/serial_example/serial_node
-- Up-to-date: /home/ma/train/ros_for_ma/install/serial_example/share/serial_example/config
-- Up-to-date: /home/ma/train/ros_for_ma/install/serial_example/share/serial_example/config/serial_driver.yaml
-- Up-to-date: /home/ma/train/ros_for_ma/install/serial_example/share/serial_example/launch
-- Installing: /home/ma/train/ros_for_ma/install/serial_example/share/serial_example/launch/serial_demo.launch.py
-- Up-to-date: /home/ma/train/ros_for_ma/install/serial_example/share/ament_index/resource_index/package_run_dependencies/serial_example
-- Up-to-date: /home/ma/train/ros_for_ma/install/serial_example/share/ament_index/resource_index/parent_prefix_path/serial_example
-- Up-to-date: /home/ma/train/ros_for_ma/install/serial_example/share/serial_example/environment/ament_prefix_path.sh
-- Up-to-date: /home/ma/train/ros_for_ma/install/serial_example/share/serial_example/environment/ament_prefix_path.dsv
-- Up-to-date: /home/ma/train/ros_for_ma/install/serial_example/share/serial_example/environment/path.sh
-- Up-to-date: /home/ma/train/ros_for_ma/install/serial_example/share/serial_example/environment/path.dsv
-- Up-to-date: /home/ma/train/ros_for_ma/install/serial_example/share/serial_example/local_setup.bash
-- Up-to-date: /home/ma/train/ros_for_ma/install/serial_example/share/serial_example/local_setup.sh
-- Up-to-date: /home/ma/train/ros_for_ma/install/serial_example/share/serial_example/local_setup.zsh
-- Up-to-date: /home/ma/train/ros_for_ma/install/serial_example/share/serial_example/local_setup.dsv
-- Up-to-date: /home/ma/train/ros_for_ma/install/serial_example/share/serial_example/package.dsv
-- Up-to-date: /home/ma/train/ros_for_ma/install/serial_example/share/ament_index/resource_index/packages/serial_example
-- Up-to-date: /home/ma/train/ros_for_ma/install/serial_example/share/serial_example/cmake/ament_cmake_export_dependencies-extras.cmake
-- Up-to-date: /home/ma/train/ros_for_ma/install/serial_example/share/serial_example/cmake/serial_exampleConfig.cmake
-- Up-to-date: /home/ma/train/ros_for_ma/install/serial_example/share/serial_example/cmake/serial_exampleConfig-version.cmake
-- Up-to-date: /home/ma/train/ros_for_ma/install/serial_example/share/serial_example/package.xml
