[0.011s] Invoking command in '/home/ma/train/ros_for_ma/build/serial_example': CMAKE_PREFIX_PATH=${CMAKE_PREFIX_PATH}:/opt/ros/humble /usr/bin/cmake --build /home/ma/train/ros_for_ma/build/serial_example -- -j8 -l8
[0.028s] -- Found ament_cmake: 1.3.5 (/opt/ros/humble/share/ament_cmake/cmake)
[0.119s] -- Found rclcpp: 16.0.5 (/opt/ros/humble/share/rclcpp/cmake)
[0.136s] -- Found rosidl_generator_c: 3.1.5 (/opt/ros/humble/share/rosidl_generator_c/cmake)
[0.137s] -- Found rosidl_adapter: 3.1.5 (/opt/ros/humble/share/rosidl_adapter/cmake)
[0.141s] -- Found rosidl_generator_cpp: 3.1.5 (/opt/ros/humble/share/rosidl_generator_cpp/cmake)
[0.147s] -- Using all available rosidl_typesupport_c: rosidl_typesupport_fastrtps_c;rosidl_typesupport_introspection_c
[0.156s] -- Using all available rosidl_typesupport_cpp: rosidl_typesupport_fastrtps_cpp;rosidl_typesupport_introspection_cpp
[0.188s] -- Found rmw_implementation_cmake: 6.1.1 (/opt/ros/humble/share/rmw_implementation_cmake/cmake)
[0.189s] -- Found rmw_fastrtps_cpp: 6.2.3 (/opt/ros/humble/share/rmw_fastrtps_cpp/cmake)
[0.261s] -- Using RMW implementation 'rmw_fastrtps_cpp' as default
[0.355s] -- Found serial_driver: 1.2.0 (/opt/ros/humble/share/serial_driver/cmake)
[0.500s] -- Found ament_lint_auto: 0.12.7 (/opt/ros/humble/share/ament_lint_auto/cmake)
[0.544s] -- Added test 'cppcheck' to perform static code analysis on C / C++ code
[0.544s] -- Configured cppcheck include dirs: /home/ma/train/ros_for_ma/src/serial_example/include
[0.544s] -- Configured cppcheck exclude dirs and/or files: 
[0.544s] -- Added test 'flake8' to check Python code syntax and style conventions
[0.545s] -- Added test 'lint_cmake' to check CMake code style
[0.545s] -- Added test 'pep257' to check Python code against some of the docstring style conventions in PEP 257
[0.545s] -- Added test 'uncrustify' to check C / C++ code style
[0.546s] -- Configured uncrustify additional arguments: 
[0.546s] -- Added test 'xmllint' to check XML markup files
[0.547s] -- Configuring done
[0.550s] [31mCMake Error at /opt/ros/humble/share/rclcpp_components/cmake/rclcpp_components_register_node.cmake:70 (file):
[0.550s]   Error evaluating generator expression:
[0.550s] 
[0.550s]     $<TARGET_FILE_NAME:serial_example>
[0.550s] 
[0.550s]   No target "serial_example"
[0.550s] Call Stack (most recent call first):
[0.550s]   CMakeLists.txt:23 (rclcpp_components_register_node)
[0.550s] 
[0.550s] [0m
[0.551s] [31mCMake Error at /opt/ros/humble/share/rclcpp_components/cmake/rclcpp_components_register_node.cmake:70 (file):
[0.551s]   Error evaluating generator expression:
[0.551s] 
[0.551s]     $<TARGET_FILE_NAME:serial_example>
[0.551s] 
[0.551s]   No target "serial_example"
[0.551s] Call Stack (most recent call first):
[0.551s]   CMakeLists.txt:23 (rclcpp_components_register_node)
[0.551s] 
[0.551s] [0m
[0.551s] [31mCMake Error at /opt/ros/humble/share/ament_cmake_core/cmake/index/ament_index_register_resource.cmake:93 (file):
[0.551s]   Error evaluating generator expression:
[0.551s] 
[0.551s]     $<TARGET_FILE_NAME:serial_example>
[0.551s] 
[0.551s]   No target "serial_example"
[0.551s] Call Stack (most recent call first):
[0.551s]   /opt/ros/humble/share/rclcpp_components/cmake/rclcpp_components_package_hook.cmake:18 (ament_index_register_resource)
[0.551s]   /opt/ros/humble/share/ament_cmake_core/cmake/core/ament_execute_extensions.cmake:48 (include)
[0.551s]   /opt/ros/humble/share/ament_cmake_core/cmake/core/ament_package.cmake:66 (ament_execute_extensions)
[0.551s]   CMakeLists.txt:61 (ament_package)
[0.551s] 
[0.551s] [0m
[0.552s] [31mCMake Error at /opt/ros/humble/share/ament_cmake_core/cmake/index/ament_index_register_resource.cmake:93 (file):
[0.552s]   Error evaluating generator expression:
[0.552s] 
[0.552s]     $<TARGET_FILE_NAME:serial_example>
[0.552s] 
[0.552s]   No target "serial_example"
[0.552s] Call Stack (most recent call first):
[0.552s]   /opt/ros/humble/share/rclcpp_components/cmake/rclcpp_components_package_hook.cmake:18 (ament_index_register_resource)
[0.552s]   /opt/ros/humble/share/ament_cmake_core/cmake/core/ament_execute_extensions.cmake:48 (include)
[0.552s]   /opt/ros/humble/share/ament_cmake_core/cmake/core/ament_package.cmake:66 (ament_execute_extensions)
[0.552s]   CMakeLists.txt:61 (ament_package)
[0.552s] 
[0.552s] [0m
[0.557s] -- Generating done
[0.558s] [0mCMake Generate step failed.  Build files cannot be regenerated correctly.[0m
[0.563s] gmake: *** [Makefile:267: cmake_check_build_system] Error 1
[0.565s] Invoked command in '/home/ma/train/ros_for_ma/build/serial_example' returned '2': CMAKE_PREFIX_PATH=${CMAKE_PREFIX_PATH}:/opt/ros/humble /usr/bin/cmake --build /home/ma/train/ros_for_ma/build/serial_example -- -j8 -l8
