[0.010s] Invoking command in '/home/ma/train/ros_for_ma/build/serial_example': CMAKE_PREFIX_PATH=${CMAKE_PREFIX_PATH}:/opt/ros/humble /usr/bin/cmake /home/ma/train/ros_for_ma/src/serial_example -DCMAKE_INSTALL_PREFIX=/home/ma/train/ros_for_ma/install/serial_example
[0.046s] -- The C compiler identification is GNU 11.4.0
[0.080s] -- The CXX compiler identification is GNU 11.4.0
[0.085s] -- Detecting C compiler ABI info
[0.129s] -- Detecting C compiler ABI info - done
[0.135s] -- Check for working C compiler: /usr/bin/cc - skipped
[0.135s] -- Detecting C compile features
[0.135s] -- Detecting C compile features - done
[0.137s] -- Detecting CXX compiler ABI info
[0.186s] -- Detecting CXX compiler ABI info - done
[0.191s] -- Check for working CXX compiler: /usr/bin/c++ - skipped
[0.191s] -- Detecting CXX compile features
[0.191s] -- Detecting CXX compile features - done
[0.193s] -- Found ament_cmake: 1.3.5 (/opt/ros/humble/share/ament_cmake/cmake)
[0.296s] -- Found Python3: /usr/bin/python3.10 (found version "3.10.12") found components: Interpreter 
[0.350s] -- Found rclcpp: 16.0.5 (/opt/ros/humble/share/rclcpp/cmake)
[0.377s] -- Found rosidl_generator_c: 3.1.5 (/opt/ros/humble/share/rosidl_generator_c/cmake)
[0.380s] -- Found rosidl_adapter: 3.1.5 (/opt/ros/humble/share/rosidl_adapter/cmake)
[0.385s] -- Found rosidl_generator_cpp: 3.1.5 (/opt/ros/humble/share/rosidl_generator_cpp/cmake)
[0.392s] -- Using all available rosidl_typesupport_c: rosidl_typesupport_fastrtps_c;rosidl_typesupport_introspection_c
[0.404s] -- Using all available rosidl_typesupport_cpp: rosidl_typesupport_fastrtps_cpp;rosidl_typesupport_introspection_cpp
[0.447s] -- Found rmw_implementation_cmake: 6.1.1 (/opt/ros/humble/share/rmw_implementation_cmake/cmake)
[0.448s] -- Found rmw_fastrtps_cpp: 6.2.3 (/opt/ros/humble/share/rmw_fastrtps_cpp/cmake)
[0.510s] -- Found OpenSSL: /usr/lib/x86_64-linux-gnu/libcrypto.so (found version "3.0.2")  
[0.528s] -- Found FastRTPS: /opt/ros/humble/include  
[0.557s] -- Using RMW implementation 'rmw_fastrtps_cpp' as default
[0.562s] -- Looking for pthread.h
[0.610s] -- Looking for pthread.h - found
[0.610s] -- Performing Test CMAKE_HAVE_LIBC_PTHREAD
[0.656s] -- Performing Test CMAKE_HAVE_LIBC_PTHREAD - Success
[0.657s] -- Found Threads: TRUE  
[0.756s] -- Found serial_driver: 1.2.0 (/opt/ros/humble/share/serial_driver/cmake)
[0.918s] -- Found ament_lint_auto: 0.12.7 (/opt/ros/humble/share/ament_lint_auto/cmake)
[0.967s] -- Added test 'cppcheck' to perform static code analysis on C / C++ code
[0.967s] -- Configured cppcheck include dirs: /home/ma/train/ros_for_ma/src/serial_example/include
[0.967s] -- Configured cppcheck exclude dirs and/or files: 
[0.967s] -- Added test 'flake8' to check Python code syntax and style conventions
[0.967s] -- Added test 'lint_cmake' to check CMake code style
[0.968s] -- Added test 'pep257' to check Python code against some of the docstring style conventions in PEP 257
[0.968s] -- Added test 'uncrustify' to check C / C++ code style
[0.968s] -- Configured uncrustify additional arguments: 
[0.968s] -- Added test 'xmllint' to check XML markup files
[0.969s] -- Configuring done
[0.980s] -- Generating done
[0.981s] -- Build files have been written to: /home/ma/train/ros_for_ma/build/serial_example
[0.988s] Invoked command in '/home/ma/train/ros_for_ma/build/serial_example' returned '0': CMAKE_PREFIX_PATH=${CMAKE_PREFIX_PATH}:/opt/ros/humble /usr/bin/cmake /home/ma/train/ros_for_ma/src/serial_example -DCMAKE_INSTALL_PREFIX=/home/ma/train/ros_for_ma/install/serial_example
[0.989s] Invoking command in '/home/ma/train/ros_for_ma/build/serial_example': CMAKE_PREFIX_PATH=${CMAKE_PREFIX_PATH}:/opt/ros/humble /usr/bin/cmake --build /home/ma/train/ros_for_ma/build/serial_example -- -j8 -l8
[1.018s] [ 50%] [32mBuilding CXX object CMakeFiles/serial_node.dir/src/serial_example.cpp.o[0m
[3.556s] [100%] [32m[1mLinking CXX executable serial_node[0m
[3.656s] [100%] Built target serial_node
[3.662s] Invoked command in '/home/ma/train/ros_for_ma/build/serial_example' returned '0': CMAKE_PREFIX_PATH=${CMAKE_PREFIX_PATH}:/opt/ros/humble /usr/bin/cmake --build /home/ma/train/ros_for_ma/build/serial_example -- -j8 -l8
[3.681s] Invoking command in '/home/ma/train/ros_for_ma/build/serial_example': CMAKE_PREFIX_PATH=${CMAKE_PREFIX_PATH}:/opt/ros/humble /usr/bin/cmake --install /home/ma/train/ros_for_ma/build/serial_example
[3.685s] -- Install configuration: ""
[3.685s] -- Installing: /home/ma/train/ros_for_ma/install/serial_example/lib/serial_example/serial_node
[3.685s] -- Set runtime path of "/home/ma/train/ros_for_ma/install/serial_example/lib/serial_example/serial_node" to ""
[3.686s] -- Installing: /home/ma/train/ros_for_ma/install/serial_example/share/serial_example/launch
[3.686s] -- Installing: /home/ma/train/ros_for_ma/install/serial_example/share/serial_example/launch/serial_demo.launch.py
[3.686s] -- Installing: /home/ma/train/ros_for_ma/install/serial_example/share/ament_index/resource_index/package_run_dependencies/serial_example
[3.686s] -- Installing: /home/ma/train/ros_for_ma/install/serial_example/share/ament_index/resource_index/parent_prefix_path/serial_example
[3.686s] -- Installing: /home/ma/train/ros_for_ma/install/serial_example/share/serial_example/environment/ament_prefix_path.sh
[3.686s] -- Installing: /home/ma/train/ros_for_ma/install/serial_example/share/serial_example/environment/ament_prefix_path.dsv
[3.686s] -- Installing: /home/ma/train/ros_for_ma/install/serial_example/share/serial_example/environment/path.sh
[3.686s] -- Installing: /home/ma/train/ros_for_ma/install/serial_example/share/serial_example/environment/path.dsv
[3.686s] -- Installing: /home/ma/train/ros_for_ma/install/serial_example/share/serial_example/local_setup.bash
[3.686s] -- Installing: /home/ma/train/ros_for_ma/install/serial_example/share/serial_example/local_setup.sh
[3.686s] -- Installing: /home/ma/train/ros_for_ma/install/serial_example/share/serial_example/local_setup.zsh
[3.686s] -- Installing: /home/ma/train/ros_for_ma/install/serial_example/share/serial_example/local_setup.dsv
[3.686s] -- Installing: /home/ma/train/ros_for_ma/install/serial_example/share/serial_example/package.dsv
[3.686s] -- Installing: /home/ma/train/ros_for_ma/install/serial_example/share/ament_index/resource_index/packages/serial_example
[3.686s] -- Installing: /home/ma/train/ros_for_ma/install/serial_example/share/serial_example/cmake/ament_cmake_export_dependencies-extras.cmake
[3.686s] -- Installing: /home/ma/train/ros_for_ma/install/serial_example/share/serial_example/cmake/serial_exampleConfig.cmake
[3.686s] -- Installing: /home/ma/train/ros_for_ma/install/serial_example/share/serial_example/cmake/serial_exampleConfig-version.cmake
[3.687s] -- Installing: /home/ma/train/ros_for_ma/install/serial_example/share/serial_example/package.xml
[3.688s] Invoked command in '/home/ma/train/ros_for_ma/build/serial_example' returned '0': CMAKE_PREFIX_PATH=${CMAKE_PREFIX_PATH}:/opt/ros/humble /usr/bin/cmake --install /home/ma/train/ros_for_ma/build/serial_example
