[0.011s] Invoking command in '/home/ma/train/ros_for_ma/build/serial_example': CMAKE_PREFIX_PATH=${CMAKE_PREFIX_PATH}:/opt/ros/humble /usr/bin/cmake --build /home/ma/train/ros_for_ma/build/serial_example -- -j8 -l8
[0.027s] -- Found ament_cmake: 1.3.5 (/opt/ros/humble/share/ament_cmake/cmake)
[0.117s] -- Found rclcpp: 16.0.5 (/opt/ros/humble/share/rclcpp/cmake)
[0.135s] -- Found rosidl_generator_c: 3.1.5 (/opt/ros/humble/share/rosidl_generator_c/cmake)
[0.137s] -- Found rosidl_adapter: 3.1.5 (/opt/ros/humble/share/rosidl_adapter/cmake)
[0.141s] -- Found rosidl_generator_cpp: 3.1.5 (/opt/ros/humble/share/rosidl_generator_cpp/cmake)
[0.148s] -- Using all available rosidl_typesupport_c: rosidl_typesupport_fastrtps_c;rosidl_typesupport_introspection_c
[0.157s] -- Using all available rosidl_typesupport_cpp: rosidl_typesupport_fastrtps_cpp;rosidl_typesupport_introspection_cpp
[0.192s] -- Found rmw_implementation_cmake: 6.1.1 (/opt/ros/humble/share/rmw_implementation_cmake/cmake)
[0.193s] -- Found rmw_fastrtps_cpp: 6.2.3 (/opt/ros/humble/share/rmw_fastrtps_cpp/cmake)
[0.269s] -- Using RMW implementation 'rmw_fastrtps_cpp' as default
[0.368s] -- Found serial_driver: 1.2.0 (/opt/ros/humble/share/serial_driver/cmake)
[0.525s] -- Found ament_lint_auto: 0.12.7 (/opt/ros/humble/share/ament_lint_auto/cmake)
[0.568s] -- Added test 'cppcheck' to perform static code analysis on C / C++ code
[0.569s] -- Configured cppcheck include dirs: /home/ma/train/ros_for_ma/src/serial_example/include
[0.569s] -- Configured cppcheck exclude dirs and/or files: 
[0.569s] -- Added test 'flake8' to check Python code syntax and style conventions
[0.569s] -- Added test 'lint_cmake' to check CMake code style
[0.569s] -- Added test 'pep257' to check Python code against some of the docstring style conventions in PEP 257
[0.569s] -- Added test 'uncrustify' to check C / C++ code style
[0.569s] -- Configured uncrustify additional arguments: 
[0.569s] -- Added test 'xmllint' to check XML markup files
[0.570s] -- Configuring done
[0.581s] -- Generating done
[0.582s] -- Build files have been written to: /home/ma/train/ros_for_ma/build/serial_example
[0.599s] [35m[1mConsolidate compiler generated dependencies of target serial_node[0m
[0.614s] [100%] Built target serial_node
[0.621s] Invoked command in '/home/ma/train/ros_for_ma/build/serial_example' returned '0': CMAKE_PREFIX_PATH=${CMAKE_PREFIX_PATH}:/opt/ros/humble /usr/bin/cmake --build /home/ma/train/ros_for_ma/build/serial_example -- -j8 -l8
[0.642s] Invoking command in '/home/ma/train/ros_for_ma/build/serial_example': CMAKE_PREFIX_PATH=${CMAKE_PREFIX_PATH}:/opt/ros/humble /usr/bin/cmake --install /home/ma/train/ros_for_ma/build/serial_example
[0.647s] -- Install configuration: ""
[0.647s] -- Up-to-date: /home/ma/train/ros_for_ma/install/serial_example/lib/serial_example/serial_node
[0.647s] -- Up-to-date: /home/ma/train/ros_for_ma/install/serial_example/share/serial_example/config
[0.647s] -- Up-to-date: /home/ma/train/ros_for_ma/install/serial_example/share/serial_example/config/serial_driver.yaml
[0.647s] -- Up-to-date: /home/ma/train/ros_for_ma/install/serial_example/share/serial_example/launch
[0.647s] -- Up-to-date: /home/ma/train/ros_for_ma/install/serial_example/share/serial_example/launch/serial_demo.launch.py
[0.647s] -- Up-to-date: /home/ma/train/ros_for_ma/install/serial_example/share/ament_index/resource_index/package_run_dependencies/serial_example
[0.647s] -- Up-to-date: /home/ma/train/ros_for_ma/install/serial_example/share/ament_index/resource_index/parent_prefix_path/serial_example
[0.647s] -- Up-to-date: /home/ma/train/ros_for_ma/install/serial_example/share/serial_example/environment/ament_prefix_path.sh
[0.647s] -- Installing: /home/ma/train/ros_for_ma/install/serial_example/share/serial_example/environment/ament_prefix_path.dsv
[0.647s] -- Up-to-date: /home/ma/train/ros_for_ma/install/serial_example/share/serial_example/environment/path.sh
[0.647s] -- Installing: /home/ma/train/ros_for_ma/install/serial_example/share/serial_example/environment/path.dsv
[0.648s] -- Up-to-date: /home/ma/train/ros_for_ma/install/serial_example/share/serial_example/local_setup.bash
[0.648s] -- Up-to-date: /home/ma/train/ros_for_ma/install/serial_example/share/serial_example/local_setup.sh
[0.648s] -- Up-to-date: /home/ma/train/ros_for_ma/install/serial_example/share/serial_example/local_setup.zsh
[0.648s] -- Installing: /home/ma/train/ros_for_ma/install/serial_example/share/serial_example/local_setup.dsv
[0.648s] -- Installing: /home/ma/train/ros_for_ma/install/serial_example/share/serial_example/package.dsv
[0.648s] -- Up-to-date: /home/ma/train/ros_for_ma/install/serial_example/share/ament_index/resource_index/packages/serial_example
[0.648s] -- Up-to-date: /home/ma/train/ros_for_ma/install/serial_example/share/serial_example/cmake/ament_cmake_export_dependencies-extras.cmake
[0.648s] -- Up-to-date: /home/ma/train/ros_for_ma/install/serial_example/share/serial_example/cmake/serial_exampleConfig.cmake
[0.648s] -- Up-to-date: /home/ma/train/ros_for_ma/install/serial_example/share/serial_example/cmake/serial_exampleConfig-version.cmake
[0.648s] -- Installing: /home/ma/train/ros_for_ma/install/serial_example/share/serial_example/package.xml
[0.649s] Invoked command in '/home/ma/train/ros_for_ma/build/serial_example' returned '0': CMAKE_PREFIX_PATH=${CMAKE_PREFIX_PATH}:/opt/ros/humble /usr/bin/cmake --install /home/ma/train/ros_for_ma/build/serial_example
