-- Found ament_cmake: 1.3.5 (/opt/ros/humble/share/ament_cmake/cmake)
-- Found rclcpp: 16.0.5 (/opt/ros/humble/share/rclcpp/cmake)
-- Found rosidl_generator_c: 3.1.5 (/opt/ros/humble/share/rosidl_generator_c/cmake)
-- Found rosidl_adapter: 3.1.5 (/opt/ros/humble/share/rosidl_adapter/cmake)
-- Found rosidl_generator_cpp: 3.1.5 (/opt/ros/humble/share/rosidl_generator_cpp/cmake)
-- Using all available rosidl_typesupport_c: rosidl_typesupport_fastrtps_c;rosidl_typesupport_introspection_c
-- Using all available rosidl_typesupport_cpp: rosidl_typesupport_fastrtps_cpp;rosidl_typesupport_introspection_cpp
-- Found rmw_implementation_cmake: 6.1.1 (/opt/ros/humble/share/rmw_implementation_cmake/cmake)
-- Found rmw_fastrtps_cpp: 6.2.3 (/opt/ros/humble/share/rmw_fastrtps_cpp/cmake)
-- Using RMW implementation 'rmw_fastrtps_cpp' as default
-- Found serial_driver: 1.2.0 (/opt/ros/humble/share/serial_driver/cmake)
-- Found ament_lint_auto: 0.12.7 (/opt/ros/humble/share/ament_lint_auto/cmake)
-- Added test 'cppcheck' to perform static code analysis on C / C++ code
-- Configured cppcheck include dirs: /home/ma/train/ros_for_ma/src/serial_example/include
-- Configured cppcheck exclude dirs and/or files: 
-- Added test 'flake8' to check Python code syntax and style conventions
-- Added test 'lint_cmake' to check CMake code style
-- Added test 'pep257' to check Python code against some of the docstring style conventions in PEP 257
-- Added test 'uncrustify' to check C / C++ code style
-- Configured uncrustify additional arguments: 
-- Added test 'xmllint' to check XML markup files
-- Configuring done
-- Generating done
-- Build files have been written to: /home/ma/train/ros_for_ma/build/serial_example
[35m[1mConsolidate compiler generated dependencies of target serial_node[0m
[100%] Built target serial_node
-- Install configuration: ""
-- Up-to-date: /home/ma/train/ros_for_ma/install/serial_example/lib/serial_example/serial_node
-- Up-to-date: /home/ma/train/ros_for_ma/install/serial_example/share/serial_example/config
-- Up-to-date: /home/ma/train/ros_for_ma/install/serial_example/share/serial_example/config/serial_driver.yaml
-- Up-to-date: /home/ma/train/ros_for_ma/install/serial_example/share/serial_example/launch
-- Up-to-date: /home/ma/train/ros_for_ma/install/serial_example/share/serial_example/launch/serial_demo.launch.py
-- Up-to-date: /home/ma/train/ros_for_ma/install/serial_example/share/ament_index/resource_index/package_run_dependencies/serial_example
-- Up-to-date: /home/ma/train/ros_for_ma/install/serial_example/share/ament_index/resource_index/parent_prefix_path/serial_example
-- Up-to-date: /home/ma/train/ros_for_ma/install/serial_example/share/serial_example/environment/ament_prefix_path.sh
-- Installing: /home/ma/train/ros_for_ma/install/serial_example/share/serial_example/environment/ament_prefix_path.dsv
-- Up-to-date: /home/ma/train/ros_for_ma/install/serial_example/share/serial_example/environment/path.sh
-- Installing: /home/ma/train/ros_for_ma/install/serial_example/share/serial_example/environment/path.dsv
-- Up-to-date: /home/ma/train/ros_for_ma/install/serial_example/share/serial_example/local_setup.bash
-- Up-to-date: /home/ma/train/ros_for_ma/install/serial_example/share/serial_example/local_setup.sh
-- Up-to-date: /home/ma/train/ros_for_ma/install/serial_example/share/serial_example/local_setup.zsh
-- Installing: /home/ma/train/ros_for_ma/install/serial_example/share/serial_example/local_setup.dsv
-- Installing: /home/ma/train/ros_for_ma/install/serial_example/share/serial_example/package.dsv
-- Up-to-date: /home/ma/train/ros_for_ma/install/serial_example/share/ament_index/resource_index/packages/serial_example
-- Up-to-date: /home/ma/train/ros_for_ma/install/serial_example/share/serial_example/cmake/ament_cmake_export_dependencies-extras.cmake
-- Up-to-date: /home/ma/train/ros_for_ma/install/serial_example/share/serial_example/cmake/serial_exampleConfig.cmake
-- Up-to-date: /home/ma/train/ros_for_ma/install/serial_example/share/serial_example/cmake/serial_exampleConfig-version.cmake
-- Up-to-date: /home/ma/train/ros_for_ma/install/serial_example/share/serial_example/package.xml
